2023-05-26T15:24:50.124Z [warn] WARNING: {{i18n}} was not converted as it has positional parameters which can't be automatically converted. Source: assets/javascripts/discourse/templates/admin-plugins-gamification.hbs
2023-05-26T15:24:50.125Z [warn] WARNING: {{i18n}} was not converted as it has positional parameters which can't be automatically converted. Source: assets/javascripts/discourse/templates/admin-plugins-gamification.hbs
2023-05-26T15:24:50.125Z [warn] WARNING: {{i18n}} was not converted as it has positional parameters which can't be automatically converted. Source: assets/javascripts/discourse/templates/admin-plugins-gamification.hbs
2023-05-26T15:24:50.125Z [warn] WARNING: {{i18n}} was not converted as it has positional parameters which can't be automatically converted. Source: assets/javascripts/discourse/templates/admin-plugins-gamification.hbs
2023-05-26T15:24:50.125Z [warn] WARNING: {{i18n}} was not converted as it has positional parameters which can't be automatically converted. Source: assets/javascripts/discourse/templates/admin-plugins-gamification.hbs
2023-05-26T15:24:50.126Z [warn] WARNING: {{i18n}} was not converted as it has positional parameters which can't be automatically converted. Source: assets/javascripts/discourse/templates/admin-plugins-gamification.hbs
2023-05-26T15:24:50.126Z [warn] WARNING: {{i18n}} was not converted as it has positional parameters which can't be automatically converted. Source: assets/javascripts/discourse/templates/admin-plugins-gamification.hbs
2023-05-26T15:24:50.126Z [warn] WARNING: {{i18n}} was not converted as it has positional parameters which can't be automatically converted. Source: assets/javascripts/discourse/templates/admin-plugins-gamification.hbs
2023-05-26T15:24:50.126Z [warn] WARNING: {{i18n}} was not converted as it has positional parameters which can't be automatically converted. Source: assets/javascripts/discourse/templates/admin-plugins-gamification.hbs
2023-05-26T15:24:50.126Z [warn] WARNING: {{i18n}} was not converted as it has positional parameters which can't be automatically converted. Source: assets/javascripts/discourse/templates/admin-plugins-gamification.hbs
2023-05-26T15:24:50.126Z [warn] WARNING: {{i18n}} was not converted as it has positional parameters which can't be automatically converted. Source: assets/javascripts/discourse/templates/admin-plugins-gamification.hbs
2023-05-26T15:24:50.126Z [warn] WARNING: {{i18n}} was not converted as it has positional parameters which can't be automatically converted. Source: assets/javascripts/discourse/templates/admin-plugins-gamification.hbs
2023-05-26T15:24:50.126Z [warn] WARNING: {{not}} was not converted as it has positional parameters which can't be automatically converted. Source: assets/javascripts/discourse/templates/admin-plugins-gamification.hbs
2023-05-26T15:24:50.128Z [warn] WARNING: {{i18n}} was not converted as it has positional parameters which can't be automatically converted. Source: assets/javascripts/discourse/templates/admin-plugins-gamification.hbs
2023-05-26T15:24:50.129Z [warn] WARNING: {{i18n}} was not converted as it has positional parameters which can't be automatically converted. Source: assets/javascripts/discourse/templates/admin-plugins-gamification.hbs
2023-05-26T15:24:50.129Z [warn] WARNING: {{i18n}} was not converted as it has positional parameters which can't be automatically converted. Source: assets/javascripts/discourse/templates/admin-plugins-gamification.hbs
2023-05-26T15:24:50.358Z [warn] WARNING: {{d-icon}} was not converted as it has positional parameters which can't be automatically converted. Source: assets/javascripts/discourse/templates/modal/leaderboard-info.hbs
2023-05-26T15:24:50.363Z [warn] WARNING: {{i18n}} was not converted as it has positional parameters which can't be automatically converted. Source: assets/javascripts/discourse/connectors/user-profile-secondary/gamification-score.hbs
2023-05-26T15:24:50.359Z [warn] WARNING: {{i18n}} was not converted as it has positional parameters which can't be automatically converted. Source: assets/javascripts/discourse/templates/modal/leaderboard-info.hbs
2023-05-26T15:24:50.365Z [warn] WARNING: {{d-icon}} was not converted as it has positional parameters which can't be automatically converted. Source: assets/javascripts/discourse/templates/components/minimal-gamification-leaderboard.hbs
2023-05-26T15:24:50.365Z [warn] WARNING: {{i18n}} was not converted as it has positional parameters which can't be automatically converted. Source: assets/javascripts/discourse/templates/components/minimal-gamification-leaderboard.hbs
2023-05-26T15:24:50.365Z [warn] WARNING: {{i18n}} was not converted as it has positional parameters which can't be automatically converted. Source: assets/javascripts/discourse/templates/components/minimal-gamification-leaderboard.hbs
2023-05-26T15:24:50.365Z [warn] WARNING: {{number}} was not converted as it has positional parameters which can't be automatically converted. Source: assets/javascripts/discourse/templates/components/minimal-gamification-leaderboard.hbs
2023-05-26T15:24:50.365Z [warn] WARNING: {{fullnumber}} was not converted as it has positional parameters which can't be automatically converted. Source: assets/javascripts/discourse/templates/components/minimal-gamification-leaderboard.hbs
2023-05-26T15:24:50.364Z [warn] WARNING: {{fullnumber}} was not converted as it has positional parameters which can't be automatically converted. Source: assets/javascripts/discourse/connectors/user-profile-secondary/gamification-score.hbs
2023-05-26T15:24:50.369Z [warn] WARNING: {{sum}} was not converted as it has positional parameters which can't be automatically converted. Source: assets/javascripts/discourse/templates/components/gamification-leaderboard-row.hbs
2023-05-26T15:24:50.369Z [warn] WARNING: {{avatar}} was not converted as it has positional parameters which can't be automatically converted. Source: assets/javascripts/discourse/templates/components/gamification-leaderboard-row.hbs
2023-05-26T15:24:50.369Z [warn] WARNING: {{number}} was not converted as it has positional parameters which can't be automatically converted. Source: assets/javascripts/discourse/templates/components/gamification-leaderboard-row.hbs
2023-05-26T15:24:50.369Z [warn] WARNING: {{fullnumber}} was not converted as it has positional parameters which can't be automatically converted. Source: assets/javascripts/discourse/templates/components/gamification-leaderboard-row.hbs
2023-05-26T15:24:50.397Z [warn] WARNING: {{d-icon}} was not converted as it has positional parameters which can't be automatically converted. Source: assets/javascripts/discourse/templates/components/gamification-leaderboard.hbs
2023-05-26T15:24:50.398Z [warn] WARNING: {{sum}} was not converted as it has positional parameters which can't be automatically converted. Source: assets/javascripts/discourse/templates/components/gamification-leaderboard.hbs
2023-05-26T15:24:50.398Z [warn] WARNING: {{d-icon}} was not converted as it has positional parameters which can't be automatically converted. Source: assets/javascripts/discourse/templates/components/gamification-leaderboard.hbs
2023-05-26T15:24:50.398Z [warn] WARNING: {{avatar}} was not converted as it has positional parameters which can't be automatically converted. Source: assets/javascripts/discourse/templates/components/gamification-leaderboard.hbs
2023-05-26T15:24:50.398Z [warn] WARNING: {{sum}} was not converted as it has positional parameters which can't be automatically converted. Source: assets/javascripts/discourse/templates/components/gamification-leaderboard.hbs
2023-05-26T15:24:50.398Z [warn] WARNING: {{fullnumber}} was not converted as it has positional parameters which can't be automatically converted. Source: assets/javascripts/discourse/templates/components/gamification-leaderboard.hbs
2023-05-26T15:24:50.398Z [warn] WARNING: {{i18n}} was not converted as it has positional parameters which can't be automatically converted. Source: assets/javascripts/discourse/templates/components/gamification-leaderboard.hbs
2023-05-26T15:24:50.398Z [warn] WARNING: {{d-icon}} was not converted as it has positional parameters which can't be automatically converted. Source: assets/javascripts/discourse/templates/components/gamification-leaderboard.hbs
2023-05-26T15:24:50.398Z [warn] WARNING: {{i18n}} was not converted as it has positional parameters which can't be automatically converted. Source: assets/javascripts/discourse/templates/components/gamification-leaderboard.hbs
2023-05-26T15:24:50.398Z [warn] WARNING: {{i18n}} was not converted as it has positional parameters which can't be automatically converted. Source: assets/javascripts/discourse/templates/components/gamification-leaderboard.hbs
2023-05-26T15:24:50.398Z [warn] WARNING: {{number}} was not converted as it has positional parameters which can't be automatically converted. Source: assets/javascripts/discourse/templates/components/gamification-leaderboard.hbs
2023-05-26T15:24:50.398Z [warn] WARNING: {{fullnumber}} was not converted as it has positional parameters which can't be automatically converted. Source: assets/javascripts/discourse/templates/components/gamification-leaderboard.hbs
2023-05-26T15:24:50.404Z [warn] WARNING: {{d-icon}} was not converted as it has positional parameters which can't be automatically converted. Source: assets/javascripts/discourse/templates/components/minimal-gamification-leaderboard-row.hbs
2023-05-26T15:24:50.404Z [warn] WARNING: {{sum}} was not converted as it has positional parameters which can't be automatically converted. Source: assets/javascripts/discourse/templates/components/minimal-gamification-leaderboard-row.hbs
2023-05-26T15:24:50.404Z [warn] WARNING: {{avatar}} was not converted as it has positional parameters which can't be automatically converted. Source: assets/javascripts/discourse/templates/components/minimal-gamification-leaderboard-row.hbs
2023-05-26T15:24:50.404Z [warn] WARNING: {{i18n}} was not converted as it has positional parameters which can't be automatically converted. Source: assets/javascripts/discourse/templates/components/minimal-gamification-leaderboard-row.hbs
2023-05-26T15:24:50.404Z [warn] WARNING: {{number}} was not converted as it has positional parameters which can't be automatically converted. Source: assets/javascripts/discourse/templates/components/minimal-gamification-leaderboard-row.hbs
2023-05-26T15:24:50.405Z [warn] WARNING: {{i18n}} was not converted as it has positional parameters which can't be automatically converted. Source: assets/javascripts/discourse/connectors/user-card-metadata/gamification-score.hbs
2023-05-26T15:24:50.406Z [warn] WARNING: {{fullnumber}} was not converted as it has positional parameters which can't be automatically converted. Source: assets/javascripts/discourse/connectors/user-card-metadata/gamification-score.hbs
